Started by user [8mha:////4LNBhjwuTId5Uu5H4SlewBpQVnhndp9WV3SutLBJYX92AAAAlh+LCAAAAAAAAP9b85aBtbiIQTGjNKU4P08vOT+vOD8nVc83PyU1x6OyILUoJzMv2y+/JJUBAhiZGBgqihhk0NSjKDWzXb3RdlLBUSYGJk8GtpzUvPSSDB8G5tKinBIGIZ+sxLJE/ZzEvHT94JKizLx0a6BxUmjGOUNodHsLgAzhEgYu/dLi1CL9pMT0RAAQ15AuvwAAAA==[0mBagzhan Sadvakassov
Running as SYSTEM
Building on master in workspace C:\WINDOWS\system32\config\systemprofile\AppData\Local\Jenkins.jenkins\workspace\Bring It On
No credentials specified
 > C:\Program Files\Git\cmd\git.exe rev-parse --is-inside-work-tree # timeout=10
Fetching changes from the remote Git repository
 > C:\Program Files\Git\cmd\git.exe config remote.origin.url https://github.com/vitalliuss/helloci.git # timeout=10
Fetching upstream changes from https://github.com/vitalliuss/helloci.git
 > C:\Program Files\Git\cmd\git.exe --version # timeout=10
 > C:\Program Files\Git\cmd\git.exe fetch --tags --force --progress -- https://github.com/vitalliuss/helloci.git +refs/heads/*:refs/remotes/origin/* # timeout=10
 > C:\Program Files\Git\cmd\git.exe rev-parse "refs/remotes/origin/master^{commit}" # timeout=10
 > C:\Program Files\Git\cmd\git.exe rev-parse "refs/remotes/origin/origin/master^{commit}" # timeout=10
Checking out Revision 446ae5a4fb9798821be65628da0b587e4e1f04e3 (refs/remotes/origin/master)
 > C:\Program Files\Git\cmd\git.exe config core.sparsecheckout # timeout=10
 > C:\Program Files\Git\cmd\git.exe checkout -f 446ae5a4fb9798821be65628da0b587e4e1f04e3 # timeout=10
Commit message: "mention cobertura issue in README"
First time build. Skipping changelog.
[Bring It On] $ cmd.exe /C "C:\Users\PC\Documents\apache-maven-3.6.3\bin\mvn.cmd test && exit %%ERRORLEVEL%%"
[INFO] Scanning for projects...
[INFO] ------------------------------------------------------------------------
[INFO] BUILD FAILURE
[INFO] ------------------------------------------------------------------------
[INFO] Total time:  0.064 s
[INFO] Finished at: 2020-07-28T11:47:00+06:00
[INFO] ------------------------------------------------------------------------
[8mha:////4PTQ1KYLvijbN4PgzcY6GMErXTEeqR9fZ1TpsvjmsmQ6AAAAYB+LCAAAAAAAAP9b85aBtbiIQSmjNKU4P0+vJLE4u1gvPjexLDVPzxdEuhYV5Rf55ZekOlc7RKnPKH7IxMBQUcQgBdWQnJ9XnJ+TqucMoUEKGSCAEaSwAACsNFCqYAAAAA==[0m[ERROR] The goal you specified requires a project to execute but there is no POM in this directory (C:\Windows\System32\config\systemprofile\AppData\Local\Jenkins.jenkins\workspace\Bring It On). Please verify you invoked Maven from the correct directory. -> [Help 1]
[8mha:////4PTQ1KYLvijbN4PgzcY6GMErXTEeqR9fZ1TpsvjmsmQ6AAAAYB+LCAAAAAAAAP9b85aBtbiIQSmjNKU4P0+vJLE4u1gvPjexLDVPzxdEuhYV5Rf55ZekOlc7RKnPKH7IxMBQUcQgBdWQnJ9XnJ+TqucMoUEKGSCAEaSwAACsNFCqYAAAAA==[0m[ERROR] 
[8mha:////4PTQ1KYLvijbN4PgzcY6GMErXTEeqR9fZ1TpsvjmsmQ6AAAAYB+LCAAAAAAAAP9b85aBtbiIQSmjNKU4P0+vJLE4u1gvPjexLDVPzxdEuhYV5Rf55ZekOlc7RKnPKH7IxMBQUcQgBdWQnJ9XnJ+TqucMoUEKGSCAEaSwAACsNFCqYAAAAA==[0m[ERROR] To see the full stack trace of the errors, re-run Maven with the -e switch.
[8mha:////4PTQ1KYLvijbN4PgzcY6GMErXTEeqR9fZ1TpsvjmsmQ6AAAAYB+LCAAAAAAAAP9b85aBtbiIQSmjNKU4P0+vJLE4u1gvPjexLDVPzxdEuhYV5Rf55ZekOlc7RKnPKH7IxMBQUcQgBdWQnJ9XnJ+TqucMoUEKGSCAEaSwAACsNFCqYAAAAA==[0m[ERROR] Re-run Maven using the -X switch to enable full debug logging.
[8mha:////4PTQ1KYLvijbN4PgzcY6GMErXTEeqR9fZ1TpsvjmsmQ6AAAAYB+LCAAAAAAAAP9b85aBtbiIQSmjNKU4P0+vJLE4u1gvPjexLDVPzxdEuhYV5Rf55ZekOlc7RKnPKH7IxMBQUcQgBdWQnJ9XnJ+TqucMoUEKGSCAEaSwAACsNFCqYAAAAA==[0m[ERROR] 
[8mha:////4PTQ1KYLvijbN4PgzcY6GMErXTEeqR9fZ1TpsvjmsmQ6AAAAYB+LCAAAAAAAAP9b85aBtbiIQSmjNKU4P0+vJLE4u1gvPjexLDVPzxdEuhYV5Rf55ZekOlc7RKnPKH7IxMBQUcQgBdWQnJ9XnJ+TqucMoUEKGSCAEaSwAACsNFCqYAAAAA==[0m[ERROR] For more information about the errors and possible solutions, please read the following articles:
[8mha:////4PTQ1KYLvijbN4PgzcY6GMErXTEeqR9fZ1TpsvjmsmQ6AAAAYB+LCAAAAAAAAP9b85aBtbiIQSmjNKU4P0+vJLE4u1gvPjexLDVPzxdEuhYV5Rf55ZekOlc7RKnPKH7IxMBQUcQgBdWQnJ9XnJ+TqucMoUEKGSCAEaSwAACsNFCqYAAAAA==[0m[ERROR] [Help 1] http://cwiki.apache.org/confluence/display/MAVEN/MissingProjectException
Build step 'Invoke top-level Maven targets' marked build as failure
Finished: FAILURE
