Started by user [8mha:////4LNBhjwuTId5Uu5H4SlewBpQVnhndp9WV3SutLBJYX92AAAAlh+LCAAAAAAAAP9b85aBtbiIQTGjNKU4P08vOT+vOD8nVc83PyU1x6OyILUoJzMv2y+/JJUBAhiZGBgqihhk0NSjKDWzXb3RdlLBUSYGJk8GtpzUvPSSDB8G5tKinBIGIZ+sxLJE/ZzEvHT94JKizLx0a6BxUmjGOUNodHsLgAzhEgYu/dLi1CL9pMT0RAAQ15AuvwAAAA==[0mBagzhan Sadvakassov
Running as SYSTEM
Building on master in workspace C:\WINDOWS\system32\config\systemprofile\AppData\Local\Jenkins.jenkins\workspace\HelloUser
[HelloUser] $ sh -xe C:\WINDOWS\TEMP\jenkins364855561179981224.sh
The system cannot find the file specified
FATAL: command execution failed
java.io.IOException: CreateProcess error=2, Не удается найти указанный файл
	at java.lang.ProcessImpl.create(Native Method)
	at java.lang.ProcessImpl.<init>(ProcessImpl.java:386)
	at java.lang.ProcessImpl.start(ProcessImpl.java:137)
	at java.lang.ProcessBuilder.start(ProcessBuilder.java:1029)
Caused: java.io.IOException: Cannot run program "sh" (in directory "C:\WINDOWS\system32\config\systemprofile\AppData\Local\Jenkins.jenkins\workspace\HelloUser"): CreateProcess error=2, Не удается найти указанный файл
	at java.lang.ProcessBuilder.start(ProcessBuilder.java:1048)
	at hudson.Proc$LocalProc.<init>(Proc.java:252)
	at hudson.Proc$LocalProc.<init>(Proc.java:221)
	at hudson.Launcher$LocalLauncher.launch(Launcher.java:936)
	at hudson.Launcher$ProcStarter.start(Launcher.java:454)
	at hudson.tasks.CommandInterpreter.perform(CommandInterpreter.java:109)
	at hudson.tasks.CommandInterpreter.perform(CommandInterpreter.java:66)
	at hudson.tasks.BuildStepMonitor$1.perform(BuildStepMonitor.java:20)
	at hudson.model.AbstractBuild$AbstractBuildExecution.perform(AbstractBuild.java:741)
	at hudson.model.Build$BuildExecution.build(Build.java:206)
	at hudson.model.Build$BuildExecution.doRun(Build.java:163)
	at hudson.model.AbstractBuild$AbstractBuildExecution.run(AbstractBuild.java:504)
	at hudson.model.Run.execute(Run.java:1880)
	at hudson.model.FreeStyleBuild.run(FreeStyleBuild.java:43)
	at hudson.model.ResourceController.execute(ResourceController.java:97)
	at hudson.model.Executor.run(Executor.java:428)
Build step 'Execute shell' marked build as failure
Finished: FAILURE
